mode: set
github.com/fredericrous/homelab/vault-operator/main.go:25.13,28.2 2 0
github.com/fredericrous/homelab/vault-operator/main.go:30.13,50.16 10 0
github.com/fredericrous/homelab/vault-operator/main.go:50.16,53.3 2 0
github.com/fredericrous/homelab/vault-operator/main.go:55.2,59.39 1 0
github.com/fredericrous/homelab/vault-operator/main.go:59.39,62.3 2 0
github.com/fredericrous/homelab/vault-operator/main.go:64.2,64.70 1 0
github.com/fredericrous/homelab/vault-operator/main.go:64.70,64.84 1 0
github.com/fredericrous/homelab/vault-operator/main.go:64.98,67.3 2 0
github.com/fredericrous/homelab/vault-operator/main.go:68.2,68.68 1 0
github.com/fredericrous/homelab/vault-operator/main.go:68.68,68.82 1 0
github.com/fredericrous/homelab/vault-operator/main.go:68.96,71.3 2 0
github.com/fredericrous/homelab/vault-operator/main.go:73.2,74.64 2 0
github.com/fredericrous/homelab/vault-operator/main.go:74.64,77.3 2 0
github.com/fredericrous/homelab/vault-operator/api/v1alpha1/vaulttransitunseal_types.go:152.13,154.2 1 0
github.com/fredericrous/homelab/vault-operator/api/v1alpha1/zz_generated.deepcopy.go:28.51,30.2 1 0
github.com/fredericrous/homelab/vault-operator/api/v1alpha1/zz_generated.deepcopy.go:33.44,34.15 1 0
github.com/fredericrous/homelab/vault-operator/api/v1alpha1/zz_generated.deepcopy.go:34.15,36.3 1 0
github.com/fredericrous/homelab/vault-operator/api/v1alpha1/zz_generated.deepcopy.go:37.2,39.12 3 0
github.com/fredericrous/homelab/vault-operator/api/v1alpha1/zz_generated.deepcopy.go:43.69,46.2 2 0
github.com/fredericrous/homelab/vault-operator/api/v1alpha1/zz_generated.deepcopy.go:49.62,50.15 1 0
github.com/fredericrous/homelab/vault-operator/api/v1alpha1/zz_generated.deepcopy.go:50.15,52.3 1 0
github.com/fredericrous/homelab/vault-operator/api/v1alpha1/zz_generated.deepcopy.go:53.2,55.12 3 0
github.com/fredericrous/homelab/vault-operator/api/v1alpha1/zz_generated.deepcopy.go:59.61,61.2 1 0
github.com/fredericrous/homelab/vault-operator/api/v1alpha1/zz_generated.deepcopy.go:64.54,65.15 1 0
github.com/fredericrous/homelab/vault-operator/api/v1alpha1/zz_generated.deepcopy.go:65.15,67.3 1 0
github.com/fredericrous/homelab/vault-operator/api/v1alpha1/zz_generated.deepcopy.go:68.2,70.12 3 0
github.com/fredericrous/homelab/vault-operator/api/v1alpha1/zz_generated.deepcopy.go:74.63,76.2 1 0
github.com/fredericrous/homelab/vault-operator/api/v1alpha1/zz_generated.deepcopy.go:79.56,80.15 1 0
github.com/fredericrous/homelab/vault-operator/api/v1alpha1/zz_generated.deepcopy.go:80.15,82.3 1 0
github.com/fredericrous/homelab/vault-operator/api/v1alpha1/zz_generated.deepcopy.go:83.2,85.12 3 0
github.com/fredericrous/homelab/vault-operator/api/v1alpha1/zz_generated.deepcopy.go:89.63,91.2 1 0
github.com/fredericrous/homelab/vault-operator/api/v1alpha1/zz_generated.deepcopy.go:94.56,95.15 1 0
github.com/fredericrous/homelab/vault-operator/api/v1alpha1/zz_generated.deepcopy.go:95.15,97.3 1 0
github.com/fredericrous/homelab/vault-operator/api/v1alpha1/zz_generated.deepcopy.go:98.2,100.12 3 0
github.com/fredericrous/homelab/vault-operator/api/v1alpha1/zz_generated.deepcopy.go:104.65,107.2 2 0
github.com/fredericrous/homelab/vault-operator/api/v1alpha1/zz_generated.deepcopy.go:110.58,111.15 1 0
github.com/fredericrous/homelab/vault-operator/api/v1alpha1/zz_generated.deepcopy.go:111.15,113.3 1 0
github.com/fredericrous/homelab/vault-operator/api/v1alpha1/zz_generated.deepcopy.go:114.2,116.12 3 0
github.com/fredericrous/homelab/vault-operator/api/v1alpha1/zz_generated.deepcopy.go:120.57,122.24 2 0
github.com/fredericrous/homelab/vault-operator/api/v1alpha1/zz_generated.deepcopy.go:122.24,125.29 3 0
github.com/fredericrous/homelab/vault-operator/api/v1alpha1/zz_generated.deepcopy.go:125.29,127.4 1 0
github.com/fredericrous/homelab/vault-operator/api/v1alpha1/zz_generated.deepcopy.go:132.50,133.15 1 0
github.com/fredericrous/homelab/vault-operator/api/v1alpha1/zz_generated.deepcopy.go:133.15,135.3 1 0
github.com/fredericrous/homelab/vault-operator/api/v1alpha1/zz_generated.deepcopy.go:136.2,138.12 3 0
github.com/fredericrous/homelab/vault-operator/api/v1alpha1/zz_generated.deepcopy.go:142.69,148.2 5 0
github.com/fredericrous/homelab/vault-operator/api/v1alpha1/zz_generated.deepcopy.go:151.62,152.15 1 0
github.com/fredericrous/homelab/vault-operator/api/v1alpha1/zz_generated.deepcopy.go:152.15,154.3 1 0
github.com/fredericrous/homelab/vault-operator/api/v1alpha1/zz_generated.deepcopy.go:155.2,157.12 3 0
github.com/fredericrous/homelab/vault-operator/api/v1alpha1/zz_generated.deepcopy.go:161.63,162.34 1 0
github.com/fredericrous/homelab/vault-operator/api/v1alpha1/zz_generated.deepcopy.go:162.34,164.3 1 0
github.com/fredericrous/homelab/vault-operator/api/v1alpha1/zz_generated.deepcopy.go:165.2,165.12 1 0
github.com/fredericrous/homelab/vault-operator/api/v1alpha1/zz_generated.deepcopy.go:169.77,173.21 4 0
github.com/fredericrous/homelab/vault-operator/api/v1alpha1/zz_generated.deepcopy.go:173.21,176.22 3 0
github.com/fredericrous/homelab/vault-operator/api/v1alpha1/zz_generated.deepcopy.go:176.22,178.4 1 0
github.com/fredericrous/homelab/vault-operator/api/v1alpha1/zz_generated.deepcopy.go:183.70,184.15 1 0
github.com/fredericrous/homelab/vault-operator/api/v1alpha1/zz_generated.deepcopy.go:184.15,186.3 1 0
github.com/fredericrous/homelab/vault-operator/api/v1alpha1/zz_generated.deepcopy.go:187.2,189.12 3 0
github.com/fredericrous/homelab/vault-operator/api/v1alpha1/zz_generated.deepcopy.go:193.67,194.34 1 0
github.com/fredericrous/homelab/vault-operator/api/v1alpha1/zz_generated.deepcopy.go:194.34,196.3 1 0
github.com/fredericrous/homelab/vault-operator/api/v1alpha1/zz_generated.deepcopy.go:197.2,197.12 1 0
github.com/fredericrous/homelab/vault-operator/api/v1alpha1/zz_generated.deepcopy.go:201.77,207.2 5 0
github.com/fredericrous/homelab/vault-operator/api/v1alpha1/zz_generated.deepcopy.go:210.70,211.15 1 0
github.com/fredericrous/homelab/vault-operator/api/v1alpha1/zz_generated.deepcopy.go:211.15,213.3 1 0
github.com/fredericrous/homelab/vault-operator/api/v1alpha1/zz_generated.deepcopy.go:214.2,216.12 3 0
github.com/fredericrous/homelab/vault-operator/api/v1alpha1/zz_generated.deepcopy.go:220.81,222.26 2 0
github.com/fredericrous/homelab/vault-operator/api/v1alpha1/zz_generated.deepcopy.go:222.26,226.3 3 0
github.com/fredericrous/homelab/vault-operator/api/v1alpha1/zz_generated.deepcopy.go:230.74,231.15 1 0
github.com/fredericrous/homelab/vault-operator/api/v1alpha1/zz_generated.deepcopy.go:231.15,233.3 1 0
github.com/fredericrous/homelab/vault-operator/api/v1alpha1/zz_generated.deepcopy.go:234.2,236.12 3 0
github.com/fredericrous/homelab/vault-operator/controllers/vaulttransitunseal_controller.go:34.110,39.60 3 1
github.com/fredericrous/homelab/vault-operator/controllers/vaulttransitunseal_controller.go:39.60,40.29 1 0
github.com/fredericrous/homelab/vault-operator/controllers/vaulttransitunseal_controller.go:40.29,42.4 1 0
github.com/fredericrous/homelab/vault-operator/controllers/vaulttransitunseal_controller.go:43.3,43.28 1 0
github.com/fredericrous/homelab/vault-operator/controllers/vaulttransitunseal_controller.go:47.2,48.142 2 1
github.com/fredericrous/homelab/vault-operator/controllers/vaulttransitunseal_controller.go:48.142,51.3 2 0
github.com/fredericrous/homelab/vault-operator/controllers/vaulttransitunseal_controller.go:53.2,53.26 1 1
github.com/fredericrous/homelab/vault-operator/controllers/vaulttransitunseal_controller.go:53.26,56.3 2 1
github.com/fredericrous/homelab/vault-operator/controllers/vaulttransitunseal_controller.go:59.2,59.33 1 0
github.com/fredericrous/homelab/vault-operator/controllers/vaulttransitunseal_controller.go:59.33,60.44 1 0
github.com/fredericrous/homelab/vault-operator/controllers/vaulttransitunseal_controller.go:60.44,62.12 2 0
github.com/fredericrous/homelab/vault-operator/controllers/vaulttransitunseal_controller.go:66.3,67.51 2 0
github.com/fredericrous/homelab/vault-operator/controllers/vaulttransitunseal_controller.go:67.51,68.38 1 0
github.com/fredericrous/homelab/vault-operator/controllers/vaulttransitunseal_controller.go:68.38,70.10 2 0
github.com/fredericrous/homelab/vault-operator/controllers/vaulttransitunseal_controller.go:74.3,74.18 1 0
github.com/fredericrous/homelab/vault-operator/controllers/vaulttransitunseal_controller.go:74.18,76.12 2 0
github.com/fredericrous/homelab/vault-operator/controllers/vaulttransitunseal_controller.go:80.3,81.17 2 0
github.com/fredericrous/homelab/vault-operator/controllers/vaulttransitunseal_controller.go:81.17,83.12 2 0
github.com/fredericrous/homelab/vault-operator/controllers/vaulttransitunseal_controller.go:87.3,92.26 4 0
github.com/fredericrous/homelab/vault-operator/controllers/vaulttransitunseal_controller.go:92.26,94.60 2 0
github.com/fredericrous/homelab/vault-operator/controllers/vaulttransitunseal_controller.go:94.60,97.5 2 0
github.com/fredericrous/homelab/vault-operator/controllers/vaulttransitunseal_controller.go:97.10,100.5 2 0
github.com/fredericrous/homelab/vault-operator/controllers/vaulttransitunseal_controller.go:104.3,104.20 1 0
github.com/fredericrous/homelab/vault-operator/controllers/vaulttransitunseal_controller.go:104.20,107.4 2 0
github.com/fredericrous/homelab/vault-operator/controllers/vaulttransitunseal_controller.go:107.9,109.4 1 0
github.com/fredericrous/homelab/vault-operator/controllers/vaulttransitunseal_controller.go:113.2,113.52 1 0
github.com/fredericrous/homelab/vault-operator/controllers/vaulttransitunseal_controller.go:113.52,116.3 2 0
github.com/fredericrous/homelab/vault-operator/controllers/vaulttransitunseal_controller.go:119.2,120.54 2 0
github.com/fredericrous/homelab/vault-operator/controllers/vaulttransitunseal_controller.go:128.156,131.16 2 0
github.com/fredericrous/homelab/vault-operator/controllers/vaulttransitunseal_controller.go:131.16,133.3 1 0
github.com/fredericrous/homelab/vault-operator/controllers/vaulttransitunseal_controller.go:136.2,140.16 4 0
github.com/fredericrous/homelab/vault-operator/controllers/vaulttransitunseal_controller.go:140.16,142.3 1 0
github.com/fredericrous/homelab/vault-operator/controllers/vaulttransitunseal_controller.go:145.2,146.16 2 0
github.com/fredericrous/homelab/vault-operator/controllers/vaulttransitunseal_controller.go:146.16,148.3 1 0
github.com/fredericrous/homelab/vault-operator/controllers/vaulttransitunseal_controller.go:150.2,153.8 1 0
github.com/fredericrous/homelab/vault-operator/controllers/vaulttransitunseal_controller.go:156.139,162.16 4 0
github.com/fredericrous/homelab/vault-operator/controllers/vaulttransitunseal_controller.go:162.16,164.3 1 0
github.com/fredericrous/homelab/vault-operator/controllers/vaulttransitunseal_controller.go:167.2,173.16 3 0
github.com/fredericrous/homelab/vault-operator/controllers/vaulttransitunseal_controller.go:173.16,175.3 1 0
github.com/fredericrous/homelab/vault-operator/controllers/vaulttransitunseal_controller.go:178.2,188.65 2 0
github.com/fredericrous/homelab/vault-operator/controllers/vaulttransitunseal_controller.go:188.65,190.3 1 0
github.com/fredericrous/homelab/vault-operator/controllers/vaulttransitunseal_controller.go:193.2,196.47 2 0
github.com/fredericrous/homelab/vault-operator/controllers/vaulttransitunseal_controller.go:196.47,198.3 1 0
github.com/fredericrous/homelab/vault-operator/controllers/vaulttransitunseal_controller.go:200.2,208.64 2 0
github.com/fredericrous/homelab/vault-operator/controllers/vaulttransitunseal_controller.go:208.64,210.3 1 0
github.com/fredericrous/homelab/vault-operator/controllers/vaulttransitunseal_controller.go:212.2,213.12 2 0
github.com/fredericrous/homelab/vault-operator/controllers/vaulttransitunseal_controller.go:216.132,221.25 2 0
github.com/fredericrous/homelab/vault-operator/controllers/vaulttransitunseal_controller.go:221.25,223.3 1 0
github.com/fredericrous/homelab/vault-operator/controllers/vaulttransitunseal_controller.go:225.2,226.9 2 0
github.com/fredericrous/homelab/vault-operator/controllers/vaulttransitunseal_controller.go:226.9,228.3 1 0
github.com/fredericrous/homelab/vault-operator/controllers/vaulttransitunseal_controller.go:230.2,230.27 1 0
github.com/fredericrous/homelab/vault-operator/controllers/vaulttransitunseal_controller.go:233.111,236.43 3 0
github.com/fredericrous/homelab/vault-operator/controllers/vaulttransitunseal_controller.go:236.43,238.3 1 0
github.com/fredericrous/homelab/vault-operator/controllers/vaulttransitunseal_controller.go:240.2,240.28 1 0
github.com/fredericrous/homelab/vault-operator/controllers/vaulttransitunseal_controller.go:240.28,242.3 1 0
github.com/fredericrous/homelab/vault-operator/controllers/vaulttransitunseal_controller.go:244.2,245.32 2 0
github.com/fredericrous/homelab/vault-operator/controllers/vaulttransitunseal_controller.go:248.137,250.39 1 0
github.com/fredericrous/homelab/vault-operator/controllers/vaulttransitunseal_controller.go:250.39,251.48 1 0
github.com/fredericrous/homelab/vault-operator/controllers/vaulttransitunseal_controller.go:251.48,257.4 5 0
github.com/fredericrous/homelab/vault-operator/controllers/vaulttransitunseal_controller.go:261.2,267.4 1 0
github.com/fredericrous/homelab/vault-operator/controllers/vaulttransitunseal_controller.go:270.81,275.2 1 0
